#
# A fatal error has been detected by the Java Runtime Environment:
#
#  Internal Error (./src/hotspot/share/oops/generateOopMap.cpp:2164), pid=14976, tid=448
#  fatal error: Illegal class file encountered. Try running with -Xverify:all in method findStudentCourseListTest
#
# JRE version: OpenJDK Runtime Environment Temurin-11.0.14.1+1 (11.0.14.1+1) (build 11.0.14.1+1)
# Java VM: OpenJDK 64-Bit Server VM Temurin-11.0.14.1+1 (11.0.14.1+1, mixed mode, tiered, compressed oops, g1 gc, windows-amd64)
# No core dump will be written. Minidumps are not enabled by default on client versions of Windows
#
# If you would like to submit a bug report, please visit:
#   https://github.com/adoptium/adoptium-support/issues
#

---------------  S U M M A R Y ------------

Command Line: -agentlib:jdwp=transport=dt_socket,suspend=y,address=localhost:65197 -ea -javaagent:C:\Users\taiwa\Downloads\eclipse\configuration\org.eclipse.osgi\422\0\.cp\lib\javaagent-shaded.jar -Dfile.encoding=UTF-8 org.eclipse.jdt.internal.junit.runner.RemoteTestRunner -version 3 -port 65196 -testLoaderClass org.eclipse.jdt.internal.junit5.runner.JUnit5TestLoader -loaderpluginname org.eclipse.jdt.junit5.runtime -test com.example.project_subject_system.CourseSelectionTests:findStudentCourseListTest

Host: Intel(R) Core(TM) i5-7200U CPU @ 2.50GHz, 4 cores, 7G,  Windows 10 , 64 bit Build 19041 (10.0.19041.2913)
Time: Tue May  9 10:44:41 2023 台北標準時間 elapsed time: 402.310141 seconds (0d 0h 6m 42s)

---------------  T H R E A D  ---------------

Current thread (0x00000123ec448800):  VMThread "VM Thread" [stack: 0x0000000723c00000,0x0000000723d00000] [id=448]

Stack: [0x0000000723c00000,0x0000000723d00000]
[error occurred during error reporting (printing stack bounds), id 0xc0000005, EXCEPTION_ACCESS_VIOLATION (0xc0000005) at pc=0x00000123d645112d]

Native frames: (J=compiled Java code, j=interpreted, Vv=VM code, C=native code)
V  [jvm.dll+0x61e59a]
V  [jvm.dll+0x7aaca9]
V  [jvm.dll+0x7ac398]
V  [jvm.dll+0x7ac9d5]
V  [jvm.dll+0x7ac98b]
V  [jvm.dll+0x61d927]
V  [jvm.dll+0x61e038]
C  [ntdll.dll+0xa23df]
C  [ntdll.dll+0x514a4]
C  [ntdll.dll+0xa0f0e]
C  0x00000123d645112d

VM_Operation (0x00000007246fee10): GetOrSetLocal, mode: safepoint, requested by thread 0x00000123ecfb5800


---------------  P R O C E S S  ---------------

Threads class SMR info:
_java_thread_list=0x00000123f8651030, length=16, elements={
0x00000123cdd24000, 0x00000123ec47d800, 0x00000123ec473800, 0x00000123ecd5c800,
0x00000123ecd5e000, 0x00000123ecd5f000, 0x00000123ecd62800, 0x00000123ecd66000,
0x00000123ecd7b000, 0x00000123eceeb800, 0x00000123ecfb5800, 0x00000123ed045800,
0x00000123ed046800, 0x00000123ee009800, 0x00000123f2ffb800, 0x00000123f2fce800
}

Java Threads: ( => current thread )
  0x00000123cdd24000 JavaThread "main" [_thread_blocked, id=9888, stack(0x0000000723600000,0x0000000723700000)]
  0x00000123ec47d800 JavaThread "Reference Handler" daemon [_thread_blocked, id=5156, stack(0x0000000723d00000,0x0000000723e00000)]
  0x00000123ec473800 JavaThread "Finalizer" daemon [_thread_blocked, id=4396, stack(0x0000000723e00000,0x0000000723f00000)]
  0x00000123ecd5c800 JavaThread "Signal Dispatcher" daemon [_thread_blocked, id=10688, stack(0x0000000723f00000,0x0000000724000000)]
  0x00000123ecd5e000 JavaThread "Attach Listener" daemon [_thread_blocked, id=11240, stack(0x0000000724000000,0x0000000724100000)]
  0x00000123ecd5f000 JavaThread "Service Thread" daemon [_thread_blocked, id=17036, stack(0x0000000724100000,0x0000000724200000)]
  0x00000123ecd62800 JavaThread "C2 CompilerThread0" daemon [_thread_blocked, id=18428, stack(0x0000000724200000,0x0000000724300000)]
  0x00000123ecd66000 JavaThread "C1 CompilerThread0" daemon [_thread_blocked, id=13960, stack(0x0000000724300000,0x0000000724400000)]
  0x00000123ecd7b000 JavaThread "Sweeper thread" daemon [_thread_blocked, id=3708, stack(0x0000000724400000,0x0000000724500000)]
  0x00000123eceeb800 JavaThread "Common-Cleaner" daemon [_thread_blocked, id=11436, stack(0x0000000724500000,0x0000000724600000)]
  0x00000123ecfb5800 JavaThread "JDWP Transport Listener: dt_socket" daemon [_thread_blocked, id=12636, stack(0x0000000724600000,0x0000000724700000)] _threads_hazard_ptr=0x00000123f8651030
  0x00000123ed045800 JavaThread "JDWP Event Helper Thread" daemon [_thread_blocked, id=14428, stack(0x0000000724700000,0x0000000724800000)]
  0x00000123ed046800 JavaThread "JDWP Command Reader" daemon [_thread_in_native, id=3280, stack(0x0000000724800000,0x0000000724900000)]
  0x00000123ee009800 JavaThread "ReaderThread" [_thread_in_native, id=6556, stack(0x0000000724e00000,0x0000000724f00000)]
  0x00000123f2ffb800 JavaThread "mysql-cj-abandoned-connection-cleanup" daemon [_thread_blocked, id=9956, stack(0x0000000725000000,0x0000000725100000)]
  0x00000123f2fce800 JavaThread "HikariPool-1 housekeeper" daemon [_thread_blocked, id=17252, stack(0x0000000725200000,0x0000000725300000)]

Other Threads:
=>0x00000123ec448800 VMThread "VM Thread" [stack: 0x0000000723c00000,0x0000000723d00000] [id=448]
  0x00000123ed674800 WatcherThread [stack: 0x0000000724b00000,0x0000000724c00000] [id=14376]
  0x00000123cdd3c800 GCTaskThread "GC Thread#0" [stack: 0x0000000723700000,0x0000000723800000] [id=15132]
  0x00000123ed864800 GCTaskThread "GC Thread#1" [stack: 0x0000000724c00000,0x0000000724d00000] [id=7748]
  0x00000123ed9d4800 GCTaskThread "GC Thread#2" [stack: 0x0000000724d00000,0x0000000724e00000] [id=14880]
  0x00000123edbdc800 GCTaskThread "GC Thread#3" [stack: 0x0000000724f00000,0x0000000725000000] [id=11304]
  0x00000123cdd6f800 ConcurrentGCThread "G1 Main Marker" [stack: 0x0000000723800000,0x0000000723900000] [id=15524]
  0x00000123cdd77000 ConcurrentGCThread "G1 Conc#0" [stack: 0x0000000723900000,0x0000000723a00000] [id=17108]
  0x00000123ec2b6800 ConcurrentGCThread "G1 Refine#0" [stack: 0x0000000723a00000,0x0000000723b00000] [id=14528]
  0x00000123ec2b7000 ConcurrentGCThread "G1 Young RemSet Sampling" [stack: 0x0000000723b00000,0x0000000723c00000] [id=220]

Threads with active compile tasks:

VM state:at safepoint (normal execution)

VM Mutex/Monitor currently owned by a thread:  ([mutex/lock_event])
[0x00000123cdd20590] Threads_lock - owner thread: 0x00000123ec448800

Heap address: 0x0000000081c00000, size: 2020 MB, Compressed Oops mode: 32-bit
Narrow klass base: 0x0000000000000000, Narrow klass shift: 3
Compressed class space size: 1073741824 Address: 0x0000000100000000

Heap:
 garbage-first heap   total 189440K, used 39697K [0x0000000081c00000, 0x0000000100000000)
  region size 1024K, 18 young (18432K), 6 survivors (6144K)
 Metaspace       used 67196K, capacity 69224K, committed 69424K, reserved 1110016K
  class space    used 8435K, capacity 9222K, committed 9344K, reserved 1048576K
Heap Regions: E=young(eden), S=young(survivor), O=old, HS=humongous(starts), HC=humongous(continues), CS=collection set, F=free, A=archive, TAMS=top-at-mark-start (previous, next)
|   0|0x0000000081c00000, 0x0000000081d00000, 0x0000000081d00000|100%|HS|  |TAMS 0x0000000081d00000, 0x0000000081c00000| Complete 
|   1|0x0000000081d00000, 0x0000000081e00000, 0x0000000081e00000|100%| O|  |TAMS 0x0000000081e00000, 0x0000000081d00000| Untracked 
|   2|0x0000000081e00000, 0x0000000081f00000, 0x0000000081f00000|100%| O|  |TAMS 0x0000000081f00000, 0x0000000081e00000| Untracked 
|   3|0x0000000081f00000, 0x0000000082000000, 0x0000000082000000|100%| O|  |TAMS 0x0000000082000000, 0x0000000081f00000| Untracked 
|   4|0x0000000082000000, 0x0000000082100000, 0x0000000082100000|100%| O|  |TAMS 0x0000000082100000, 0x0000000082000000| Untracked 
|   5|0x0000000082100000, 0x0000000082200000, 0x0000000082200000|100%| O|  |TAMS 0x0000000082200000, 0x0000000082100000| Untracked 
|   6|0x0000000082200000, 0x0000000082300000, 0x0000000082300000|100%| O|  |TAMS 0x0000000082300000, 0x0000000082200000| Untracked 
|   7|0x0000000082300000, 0x0000000082400000, 0x0000000082400000|100%| O|  |TAMS 0x0000000082400000, 0x0000000082300000| Untracked 
|   8|0x0000000082400000, 0x0000000082500000, 0x0000000082500000|100%| O|  |TAMS 0x0000000082500000, 0x0000000082400000| Untracked 
|   9|0x0000000082500000, 0x0000000082600000, 0x0000000082600000|100%| O|  |TAMS 0x0000000082600000, 0x0000000082500000| Untracked 
|  10|0x0000000082600000, 0x0000000082700000, 0x0000000082700000|100%| O|  |TAMS 0x0000000082700000, 0x0000000082600000| Untracked 
|  11|0x0000000082700000, 0x0000000082800000, 0x0000000082800000|100%| O|  |TAMS 0x0000000082800000, 0x0000000082700000| Untracked 
|  12|0x0000000082800000, 0x0000000082900000, 0x0000000082900000|100%| O|  |TAMS 0x0000000082900000, 0x0000000082800000| Untracked 
|  13|0x0000000082900000, 0x0000000082a00000, 0x0000000082a00000|100%| O|  |TAMS 0x0000000082a00000, 0x0000000082900000| Untracked 
|  14|0x0000000082a00000, 0x0000000082b00000, 0x0000000082b00000|100%| O|  |TAMS 0x0000000082b00000, 0x0000000082a00000| Untracked 
|  15|0x0000000082b00000, 0x0000000082c00000, 0x0000000082c00000|100%| O|  |TAMS 0x0000000082c00000, 0x0000000082b00000| Untracked 
|  16|0x0000000082c00000, 0x0000000082d00000, 0x0000000082d00000|100%| O|  |TAMS 0x0000000082c55e00, 0x0000000082c00000| Untracked 
|  17|0x0000000082d00000, 0x0000000082e00000, 0x0000000082e00000|100%| O|  |TAMS 0x0000000082d00000, 0x0000000082d00000| Untracked 
|  18|0x0000000082e00000, 0x0000000082f00000, 0x0000000082f00000|100%| O|  |TAMS 0x0000000082e00000, 0x0000000082e00000| Untracked 
|  19|0x0000000082f00000, 0x0000000083000000, 0x0000000083000000|100%| O|  |TAMS 0x0000000082f00000, 0x0000000082f00000| Untracked 
|  20|0x0000000083000000, 0x0000000083100000, 0x0000000083100000|100%| O|  |TAMS 0x0000000083000000, 0x0000000083000000| Untracked 
|  21|0x0000000083100000, 0x00000000831c4400, 0x0000000083200000| 76%| O|  |TAMS 0x0000000083100000, 0x0000000083100000| Untracked 
|  22|0x0000000083200000, 0x0000000083200000, 0x0000000083300000|  0%| F|  |TAMS 0x0000000083200000, 0x0000000083200000| Untracked 
|  23|0x0000000083300000, 0x0000000083300000, 0x0000000083400000|  0%| F|  |TAMS 0x0000000083300000, 0x0000000083300000| Untracked 
|  24|0x0000000083400000, 0x0000000083400000, 0x0000000083500000|  0%| F|  |TAMS 0x0000000083400000, 0x0000000083400000| Untracked 
|  25|0x0000000083500000, 0x0000000083500000, 0x0000000083600000|  0%| F|  |TAMS 0x0000000083500000, 0x0000000083500000| Untracked 
|  26|0x0000000083600000, 0x0000000083600000, 0x0000000083700000|  0%| F|  |TAMS 0x0000000083600000, 0x0000000083600000| Untracked 
|  27|0x0000000083700000, 0x0000000083700000, 0x0000000083800000|  0%| F|  |TAMS 0x0000000083700000, 0x0000000083700000| Untracked 
|  28|0x0000000083800000, 0x0000000083800000, 0x0000000083900000|  0%| F|  |TAMS 0x0000000083800000, 0x0000000083800000| Untracked 
|  29|0x0000000083900000, 0x0000000083900000, 0x0000000083a00000|  0%| F|  |TAMS 0x0000000083900000, 0x0000000083900000| Untracked 
|  30|0x0000000083a00000, 0x0000000083a00000, 0x0000000083b00000|  0%| F|  |TAMS 0x0000000083a00000, 0x0000000083a00000| Untracked 
|  31|0x0000000083b00000, 0x0000000083b00000, 0x0000000083c00000|  0%| F|  |TAMS 0x0000000083b00000, 0x0000000083b00000| Untracked 
|  32|0x0000000083c00000, 0x0000000083c00000, 0x0000000083d00000|  0%| F|  |TAMS 0x0000000083c00000, 0x0000000083c00000| Untracked 
|  33|0x0000000083d00000, 0x0000000083d00000, 0x0000000083e00000|  0%| F|  |TAMS 0x0000000083d00000, 0x0000000083d00000| Untracked 
|  34|0x0000000083e00000, 0x0000000083e00000, 0x0000000083f00000|  0%| F|  |TAMS 0x0000000083e00000, 0x0000000083e00000| Untracked 
|  35|0x0000000083f00000, 0x0000000083f00000, 0x0000000084000000|  0%| F|  |TAMS 0x0000000083f00000, 0x0000000083f00000| Untracked 
|  36|0x0000000084000000, 0x0000000084000000, 0x0000000084100000|  0%| F|  |TAMS 0x0000000084000000, 0x0000000084000000| Untracked 
|  37|0x0000000084100000, 0x0000000084100000, 0x0000000084200000|  0%| F|  |TAMS 0x0000000084100000, 0x0000000084100000| Untracked 
|  38|0x0000000084200000, 0x0000000084200000, 0x0000000084300000|  0%| F|  |TAMS 0x0000000084200000, 0x0000000084200000| Untracked 
|  39|0x0000000084300000, 0x0000000084300000, 0x0000000084400000|  0%| F|  |TAMS 0x0000000084300000, 0x0000000084300000| Untracked 
|  40|0x0000000084400000, 0x0000000084400000, 0x0000000084500000|  0%| F|  |TAMS 0x0000000084400000, 0x0000000084400000| Untracked 
|  41|0x0000000084500000, 0x0000000084500000, 0x0000000084600000|  0%| F|  |TAMS 0x0000000084500000, 0x0000000084500000| Untracked 
|  42|0x0000000084600000, 0x0000000084600000, 0x0000000084700000|  0%| F|  |TAMS 0x0000000084600000, 0x0000000084600000| Untracked 
|  43|0x0000000084700000, 0x0000000084700000, 0x0000000084800000|  0%| F|  |TAMS 0x0000000084700000, 0x0000000084700000| Untracked 
|  44|0x0000000084800000, 0x0000000084800000, 0x0000000084900000|  0%| F|  |TAMS 0x0000000084800000, 0x0000000084800000| Untracked 
|  45|0x0000000084900000, 0x0000000084900000, 0x0000000084a00000|  0%| F|  |TAMS 0x0000000084900000, 0x0000000084900000| Untracked 
|  46|0x0000000084a00000, 0x0000000084a00000, 0x0000000084b00000|  0%| F|  |TAMS 0x0000000084a00000, 0x0000000084a00000| Untracked 
|  47|0x0000000084b00000, 0x0000000084b00000, 0x0000000084c00000|  0%| F|  |TAMS 0x0000000084b00000, 0x0000000084b00000| Untracked 
|  48|0x0000000084c00000, 0x0000000084c00000, 0x0000000084d00000|  0%| F|  |TAMS 0x0000000084c00000, 0x0000000084c00000| Untracked 
|  49|0x0000000084d00000, 0x0000000084d00000, 0x0000000084e00000|  0%| F|  |TAMS 0x0000000084d00000, 0x0000000084d00000| Untracked 
|  50|0x0000000084e00000, 0x0000000084e00000, 0x0000000084f00000|  0%| F|  |TAMS 0x0000000084e00000, 0x0000000084e00000| Untracked 
|  51|0x0000000084f00000, 0x0000000084f00000, 0x0000000085000000|  0%| F|  |TAMS 0x0000000084f00000, 0x0000000084f00000| Untracked 
|  52|0x0000000085000000, 0x0000000085000000, 0x0000000085100000|  0%| F|  |TAMS 0x0000000085000000, 0x0000000085000000| Untracked 
|  53|0x0000000085100000, 0x0000000085100000, 0x0000000085200000|  0%| F|  |TAMS 0x0000000085100000, 0x0000000085100000| Untracked 
|  54|0x0000000085200000, 0x0000000085200000, 0x0000000085300000|  0%| F|  |TAMS 0x0000000085200000, 0x0000000085200000| Untracked 
|  55|0x0000000085300000, 0x0000000085300000, 0x0000000085400000|  0%| F|  |TAMS 0x0000000085300000, 0x0000000085300000| Untracked 
|  56|0x0000000085400000, 0x0000000085400000, 0x0000000085500000|  0%| F|  |TAMS 0x0000000085400000, 0x0000000085400000| Untracked 
|  57|0x0000000085500000, 0x0000000085500000, 0x0000000085600000|  0%| F|  |TAMS 0x0000000085500000, 0x0000000085500000| Untracked 
|  58|0x0000000085600000, 0x0000000085600000, 0x0000000085700000|  0%| F|  |TAMS 0x0000000085600000, 0x0000000085600000| Untracked 
|  59|0x0000000085700000, 0x0000000085700000, 0x0000000085800000|  0%| F|  |TAMS 0x0000000085700000, 0x0000000085700000| Untracked 
|  60|0x0000000085800000, 0x0000000085900000, 0x0000000085900000|100%| S|CS|TAMS 0x0000000085800000, 0x0000000085800000| Complete 
|  61|0x0000000085900000, 0x0000000085a00000, 0x0000000085a00000|100%| S|CS|TAMS 0x0000000085900000, 0x0000000085900000| Complete 
|  62|0x0000000085a00000, 0x0000000085b00000, 0x0000000085b00000|100%| S|CS|TAMS 0x0000000085a00000, 0x0000000085a00000| Complete 
|  63|0x0000000085b00000, 0x0000000085b00000, 0x0000000085c00000|  0%| F|  |TAMS 0x0000000085b00000, 0x0000000085b00000| Untracked 
|  64|0x0000000085c00000, 0x0000000085c00000, 0x0000000085d00000|  0%| F|  |TAMS 0x0000000085c00000, 0x0000000085c00000| Untracked 
|  65|0x0000000085d00000, 0x0000000085d00000, 0x0000000085e00000|  0%| F|  |TAMS 0x0000000085d00000, 0x0000000085d00000| Untracked 
|  66|0x0000000085e00000, 0x0000000085e00000, 0x0000000085f00000|  0%| F|  |TAMS 0x0000000085e00000, 0x0000000085e00000| Untracked 
|  67|0x0000000085f00000, 0x0000000085f00000, 0x0000000086000000|  0%| F|  |TAMS 0x0000000085f00000, 0x0000000085f00000| Untracked 
|  68|0x0000000086000000, 0x0000000086000000, 0x0000000086100000|  0%| F|  |TAMS 0x0000000086000000, 0x0000000086000000| Untracked 
|  69|0x0000000086100000, 0x0000000086200000, 0x0000000086200000|100%| S|CS|TAMS 0x0000000086100000, 0x0000000086100000| Complete 
|  70|0x0000000086200000, 0x0000000086300000, 0x0000000086300000|100%| S|CS|TAMS 0x0000000086200000, 0x0000000086200000| Complete 
|  71|0x0000000086300000, 0x0000000086400000, 0x0000000086400000|100%| S|CS|TAMS 0x0000000086300000, 0x0000000086300000| Complete 
|  72|0x0000000086400000, 0x0000000086400000, 0x0000000086500000|  0%| F|  |TAMS 0x0000000086400000, 0x0000000086400000| Untracked 
|  73|0x0000000086500000, 0x0000000086500000, 0x0000000086600000|  0%| F|  |TAMS 0x0000000086500000, 0x0000000086500000| Untracked 
|  74|0x0000000086600000, 0x0000000086600000, 0x0000000086700000|  0%| F|  |TAMS 0x0000000086600000, 0x0000000086600000| Untracked 
|  75|0x0000000086700000, 0x0000000086700000, 0x0000000086800000|  0%| F|  |TAMS 0x0000000086700000, 0x0000000086700000| Untracked 
|  76|0x0000000086800000, 0x0000000086800000, 0x0000000086900000|  0%| F|  |TAMS 0x0000000086800000, 0x0000000086800000| Untracked 
|  77|0x0000000086900000, 0x0000000086900000, 0x0000000086a00000|  0%| F|  |TAMS 0x0000000086900000, 0x0000000086900000| Untracked 
|  78|0x0000000086a00000, 0x0000000086a00000, 0x0000000086b00000|  0%| F|  |TAMS 0x0000000086a00000, 0x0000000086a00000| Untracked 
|  79|0x0000000086b00000, 0x0000000086b00000, 0x0000000086c00000|  0%| F|  |TAMS 0x0000000086b00000, 0x0000000086b00000| Untracked 
|  80|0x0000000086c00000, 0x0000000086c00000, 0x0000000086d00000|  0%| F|  |TAMS 0x0000000086c00000, 0x0000000086c00000| Untracked 
|  81|0x0000000086d00000, 0x0000000086d00000, 0x0000000086e00000|  0%| F|  |TAMS 0x0000000086d00000, 0x0000000086d00000| Untracked 
|  82|0x0000000086e00000, 0x0000000086e00000, 0x0000000086f00000|  0%| F|  |TAMS 0x0000000086e00000, 0x0000000086e00000| Untracked 
|  83|0x0000000086f00000, 0x0000000086f00000, 0x0000000087000000|  0%| F|  |TAMS 0x0000000086f00000, 0x0000000086f00000| Untracked 
|  84|0x0000000087000000, 0x0000000087000000, 0x0000000087100000|  0%| F|  |TAMS 0x0000000087000000, 0x0000000087000000| Untracked 
|  85|0x0000000087100000, 0x0000000087100000, 0x0000000087200000|  0%| F|  |TAMS 0x0000000087100000, 0x0000000087100000| Untracked 
|  86|0x0000000087200000, 0x0000000087200000, 0x0000000087300000|  0%| F|  |TAMS 0x0000000087200000, 0x0000000087200000| Untracked 
|  87|0x0000000087300000, 0x0000000087300000, 0x0000000087400000|  0%| F|  |TAMS 0x0000000087300000, 0x0000000087300000| Untracked 
|  88|0x0000000087400000, 0x0000000087400000, 0x0000000087500000|  0%| F|  |TAMS 0x0000000087400000, 0x0000000087400000| Untracked 
|  89|0x0000000087500000, 0x0000000087500000, 0x0000000087600000|  0%| F|  |TAMS 0x0000000087500000, 0x0000000087500000| Untracked 
|  90|0x0000000087600000, 0x0000000087600000, 0x0000000087700000|  0%| F|  |TAMS 0x0000000087600000, 0x0000000087600000| Untracked 
|  91|0x0000000087700000, 0x0000000087700000, 0x0000000087800000|  0%| F|  |TAMS 0x0000000087700000, 0x0000000087700000| Untracked 
|  92|0x0000000087800000, 0x0000000087800000, 0x0000000087900000|  0%| F|  |TAMS 0x0000000087800000, 0x0000000087800000| Untracked 
|  93|0x0000000087900000, 0x0000000087900000, 0x0000000087a00000|  0%| F|  |TAMS 0x0000000087900000, 0x0000000087900000| Untracked 
|  94|0x0000000087a00000, 0x0000000087a00000, 0x0000000087b00000|  0%| F|  |TAMS 0x0000000087a00000, 0x0000000087a00000| Untracked 
|  95|0x0000000087b00000, 0x0000000087b00000, 0x0000000087c00000|  0%| F|  |TAMS 0x0000000087b00000, 0x0000000087b00000| Untracked 
|  96|0x0000000087c00000, 0x0000000087c00000, 0x0000000087d00000|  0%| F|  |TAMS 0x0000000087c00000, 0x0000000087c00000| Untracked 
|  97|0x0000000087d00000, 0x0000000087d00000, 0x0000000087e00000|  0%| F|  |TAMS 0x0000000087d00000, 0x0000000087d00000| Untracked 
|  98|0x0000000087e00000, 0x0000000087e00000, 0x0000000087f00000|  0%| F|  |TAMS 0x0000000087e00000, 0x0000000087e00000| Untracked 
|  99|0x0000000087f00000, 0x0000000087f00000, 0x0000000088000000|  0%| F|  |TAMS 0x0000000087f00000, 0x0000000087f00000| Untracked 
| 100|0x0000000088000000, 0x0000000088000000, 0x0000000088100000|  0%| F|  |TAMS 0x0000000088000000, 0x0000000088000000| Untracked 
| 101|0x0000000088100000, 0x0000000088100000, 0x0000000088200000|  0%| F|  |TAMS 0x0000000088100000, 0x0000000088100000| Untracked 
| 102|0x0000000088200000, 0x0000000088200000, 0x0000000088300000|  0%| F|  |TAMS 0x0000000088200000, 0x0000000088200000| Untracked 
| 103|0x0000000088300000, 0x0000000088300000, 0x0000000088400000|  0%| F|  |TAMS 0x0000000088300000, 0x0000000088300000| Untracked 
| 104|0x0000000088400000, 0x0000000088400000, 0x0000000088500000|  0%| F|  |TAMS 0x0000000088400000, 0x0000000088400000| Untracked 
| 105|0x0000000088500000, 0x0000000088500000, 0x0000000088600000|  0%| F|  |TAMS 0x0000000088500000, 0x0000000088500000| Untracked 
| 106|0x0000000088600000, 0x0000000088600000, 0x0000000088700000|  0%| F|  |TAMS 0x0000000088600000, 0x0000000088600000| Untracked 
| 107|0x0000000088700000, 0x0000000088700000, 0x0000000088800000|  0%| F|  |TAMS 0x0000000088700000, 0x0000000088700000| Untracked 
| 108|0x0000000088800000, 0x0000000088800000, 0x0000000088900000|  0%| F|  |TAMS 0x0000000088800000, 0x0000000088800000| Untracked 
| 109|0x0000000088900000, 0x0000000088900000, 0x0000000088a00000|  0%| F|  |TAMS 0x0000000088900000, 0x0000000088900000| Untracked 
| 110|0x0000000088a00000, 0x0000000088a00000, 0x0000000088b00000|  0%| F|  |TAMS 0x0000000088a00000, 0x0000000088a00000| Untracked 
| 111|0x0000000088b00000, 0x0000000088b00000, 0x0000000088c00000|  0%| F|  |TAMS 0x0000000088b00000, 0x0000000088b00000| Untracked 
| 112|0x0000000088c00000, 0x0000000088c00000, 0x0000000088d00000|  0%| F|  |TAMS 0x0000000088c00000, 0x0000000088c00000| Untracked 
| 113|0x0000000088d00000, 0x0000000088d00000, 0x0000000088e00000|  0%| F|  |TAMS 0x0000000088d00000, 0x0000000088d00000| Untracked 
| 114|0x0000000088e00000, 0x0000000088e00000, 0x0000000088f00000|  0%| F|  |TAMS 0x0000000088e00000, 0x0000000088e00000| Untracked 
| 115|0x0000000088f00000, 0x0000000088f00000, 0x0000000089000000|  0%| F|  |TAMS 0x0000000088f00000, 0x0000000088f00000| Untracked 
| 116|0x0000000089000000, 0x0000000089000000, 0x0000000089100000|  0%| F|  |TAMS 0x0000000089000000, 0x0000000089000000| Untracked 
| 117|0x0000000089100000, 0x0000000089100000, 0x0000000089200000|  0%| F|  |TAMS 0x0000000089100000, 0x0000000089100000| Untracked 
| 118|0x0000000089200000, 0x0000000089200000, 0x0000000089300000|  0%| F|  |TAMS 0x0000000089200000, 0x0000000089200000| Untracked 
| 119|0x0000000089300000, 0x0000000089300000, 0x0000000089400000|  0%| F|  |TAMS 0x0000000089300000, 0x0000000089300000| Untracked 
| 120|0x0000000089400000, 0x0000000089400000, 0x0000000089500000|  0%| F|  |TAMS 0x0000000089400000, 0x0000000089400000| Untracked 
| 121|0x0000000089500000, 0x0000000089500000, 0x0000000089600000|  0%| F|  |TAMS 0x0000000089500000, 0x0000000089500000| Untracked 
| 122|0x0000000089600000, 0x0000000089600000, 0x0000000089700000|  0%| F|  |TAMS 0x0000000089600000, 0x0000000089600000| Untracked 
| 123|0x0000000089700000, 0x0000000089700000, 0x0000000089800000|  0%| F|  |TAMS 0x0000000089700000, 0x0000000089700000| Untracked 
| 124|0x0000000089800000, 0x0000000089800000, 0x0000000089900000|  0%| F|  |TAMS 0x0000000089800000, 0x0000000089800000| Untracked 
| 125|0x0000000089900000, 0x0000000089900000, 0x0000000089a00000|  0%| F|  |TAMS 0x0000000089900000, 0x0000000089900000| Untracked 
| 126|0x0000000089a00000, 0x0000000089a00000, 0x0000000089b00000|  0%| F|  |TAMS 0x0000000089a00000, 0x0000000089a00000| Untracked 
| 127|0x0000000089b00000, 0x0000000089b00000, 0x0000000089c00000|  0%| F|  |TAMS 0x0000000089b00000, 0x0000000089b00000| Untracked 
| 128|0x0000000089c00000, 0x0000000089c00000, 0x0000000089d00000|  0%| F|  |TAMS 0x0000000089c00000, 0x0000000089c00000| Untracked 
| 129|0x0000000089d00000, 0x0000000089d00000, 0x0000000089e00000|  0%| F|  |TAMS 0x0000000089d00000, 0x0000000089d00000| Untracked 
| 130|0x0000000089e00000, 0x0000000089e00000, 0x0000000089f00000|  0%| F|  |TAMS 0x0000000089e00000, 0x0000000089e00000| Untracked 
| 131|0x0000000089f00000, 0x0000000089f00000, 0x000000008a000000|  0%| F|  |TAMS 0x0000000089f00000, 0x0000000089f00000| Untracked 
| 132|0x000000008a000000, 0x000000008a000000, 0x000000008a100000|  0%| F|  |TAMS 0x000000008a000000, 0x000000008a000000| Untracked 
| 133|0x000000008a100000, 0x000000008a100000, 0x000000008a200000|  0%| F|  |TAMS 0x000000008a100000, 0x000000008a100000| Untracked 
| 134|0x000000008a200000, 0x000000008a200000, 0x000000008a300000|  0%| F|  |TAMS 0x000000008a200000, 0x000000008a200000| Untracked 
| 135|0x000000008a300000, 0x000000008a300000, 0x000000008a400000|  0%| F|  |TAMS 0x000000008a300000, 0x000000008a300000| Untracked 
| 136|0x000000008a400000, 0x000000008a400000, 0x000000008a500000|  0%| F|  |TAMS 0x000000008a400000, 0x000000008a400000| Untracked 
| 137|0x000000008a500000, 0x000000008a500000, 0x000000008a600000|  0%| F|  |TAMS 0x000000008a500000, 0x000000008a500000| Untracked 
| 138|0x000000008a600000, 0x000000008a600000, 0x000000008a700000|  0%| F|  |TAMS 0x000000008a600000, 0x000000008a600000| Untracked 
| 139|0x000000008a700000, 0x000000008a700000, 0x000000008a800000|  0%| F|  |TAMS 0x000000008a700000, 0x000000008a700000| Untracked 
| 140|0x000000008a800000, 0x000000008a800000, 0x000000008a900000|  0%| F|  |TAMS 0x000000008a800000, 0x000000008a800000| Untracked 
| 141|0x000000008a900000, 0x000000008a900000, 0x000000008aa00000|  0%| F|  |TAMS 0x000000008a900000, 0x000000008a900000| Untracked 
| 142|0x000000008aa00000, 0x000000008aa00000, 0x000000008ab00000|  0%| F|  |TAMS 0x000000008aa00000, 0x000000008aa00000| Untracked 
| 143|0x000000008ab00000, 0x000000008ab00000, 0x000000008ac00000|  0%| F|  |TAMS 0x000000008ab00000, 0x000000008ab00000| Untracked 
| 144|0x000000008ac00000, 0x000000008ac00000, 0x000000008ad00000|  0%| F|  |TAMS 0x000000008ac00000, 0x000000008ac00000| Untracked 
| 145|0x000000008ad00000, 0x000000008ad00000, 0x000000008ae00000|  0%| F|  |TAMS 0x000000008ad00000, 0x000000008ad00000| Untracked 
| 146|0x000000008ae00000, 0x000000008ae00000, 0x000000008af00000|  0%| F|  |TAMS 0x000000008ae00000, 0x000000008ae00000| Untracked 
| 147|0x000000008af00000, 0x000000008af00000, 0x000000008b000000|  0%| F|  |TAMS 0x000000008af00000, 0x000000008af00000| Untracked 
| 148|0x000000008b000000, 0x000000008b000000, 0x000000008b100000|  0%| F|  |TAMS 0x000000008b000000, 0x000000008b000000| Untracked 
| 149|0x000000008b100000, 0x000000008b100000, 0x000000008b200000|  0%| F|  |TAMS 0x000000008b100000, 0x000000008b100000| Untracked 
| 150|0x000000008b200000, 0x000000008b200000, 0x000000008b300000|  0%| F|  |TAMS 0x000000008b200000, 0x000000008b200000| Untracked 
| 151|0x000000008b300000, 0x000000008b300000, 0x000000008b400000|  0%| F|  |TAMS 0x000000008b300000, 0x000000008b300000| Untracked 
| 152|0x000000008b400000, 0x000000008b400000, 0x000000008b500000|  0%| F|  |TAMS 0x000000008b400000, 0x000000008b400000| Untracked 
| 153|0x000000008b500000, 0x000000008b500000, 0x000000008b600000|  0%| F|  |TAMS 0x000000008b500000, 0x000000008b500000| Untracked 
| 154|0x000000008b600000, 0x000000008b600000, 0x000000008b700000|  0%| F|  |TAMS 0x000000008b600000, 0x000000008b600000| Untracked 
| 155|0x000000008b700000, 0x000000008b700000, 0x000000008b800000|  0%| F|  |TAMS 0x000000008b700000, 0x000000008b700000| Untracked 
| 156|0x000000008b800000, 0x000000008b800000, 0x000000008b900000|  0%| F|  |TAMS 0x000000008b800000, 0x000000008b800000| Untracked 
| 157|0x000000008b900000, 0x000000008b900000, 0x000000008ba00000|  0%| F|  |TAMS 0x000000008b900000, 0x000000008b900000| Untracked 
| 158|0x000000008ba00000, 0x000000008ba00000, 0x000000008bb00000|  0%| F|  |TAMS 0x000000008ba00000, 0x000000008ba00000| Untracked 
| 159|0x000000008bb00000, 0x000000008bb00000, 0x000000008bc00000|  0%| F|  |TAMS 0x000000008bb00000, 0x000000008bb00000| Untracked 
| 160|0x000000008bc00000, 0x000000008bc00000, 0x000000008bd00000|  0%| F|  |TAMS 0x000000008bc00000, 0x000000008bc00000| Untracked 
| 161|0x000000008bd00000, 0x000000008bd00000, 0x000000008be00000|  0%| F|  |TAMS 0x000000008bd00000, 0x000000008bd00000| Untracked 
| 162|0x000000008be00000, 0x000000008be00000, 0x000000008bf00000|  0%| F|  |TAMS 0x000000008be00000, 0x000000008be00000| Untracked 
| 163|0x000000008bf00000, 0x000000008bf00000, 0x000000008c000000|  0%| F|  |TAMS 0x000000008bf00000, 0x000000008bf00000| Untracked 
| 164|0x000000008c000000, 0x000000008c000000, 0x000000008c100000|  0%| F|  |TAMS 0x000000008c000000, 0x000000008c000000| Untracked 
| 165|0x000000008c100000, 0x000000008c100000, 0x000000008c200000|  0%| F|  |TAMS 0x000000008c100000, 0x000000008c100000| Untracked 
| 166|0x000000008c200000, 0x000000008c200000, 0x000000008c300000|  0%| F|  |TAMS 0x000000008c200000, 0x000000008c200000| Untracked 
| 167|0x000000008c300000, 0x000000008c300000, 0x000000008c400000|  0%| F|  |TAMS 0x000000008c300000, 0x000000008c300000| Untracked 
| 168|0x000000008c400000, 0x000000008c400000, 0x000000008c500000|  0%| F|  |TAMS 0x000000008c400000, 0x000000008c400000| Untracked 
| 169|0x000000008c500000, 0x000000008c500000, 0x000000008c600000|  0%| F|  |TAMS 0x000000008c500000, 0x000000008c500000| Untracked 
| 170|0x000000008c600000, 0x000000008c600000, 0x000000008c700000|  0%| F|  |TAMS 0x000000008c600000, 0x000000008c600000| Untracked 
| 171|0x000000008c700000, 0x000000008c700000, 0x000000008c800000|  0%| F|  |TAMS 0x000000008c700000, 0x000000008c700000| Untracked 
| 172|0x000000008c800000, 0x000000008c800000, 0x000000008c900000|  0%| F|  |TAMS 0x000000008c800000, 0x000000008c800000| Untracked 
| 173|0x000000008c900000, 0x000000008ca00000, 0x000000008ca00000|100%| E|  |TAMS 0x000000008c900000, 0x000000008c900000| Complete 
| 174|0x000000008ca00000, 0x000000008cb00000, 0x000000008cb00000|100%| E|CS|TAMS 0x000000008ca00000, 0x000000008ca00000| Complete 
| 175|0x000000008cb00000, 0x000000008cc00000, 0x000000008cc00000|100%| E|CS|TAMS 0x000000008cb00000, 0x000000008cb00000| Complete 
| 176|0x000000008cc00000, 0x000000008cd00000, 0x000000008cd00000|100%| E|CS|TAMS 0x000000008cc00000, 0x000000008cc00000| Complete 
| 177|0x000000008cd00000, 0x000000008ce00000, 0x000000008ce00000|100%| E|CS|TAMS 0x000000008cd00000, 0x000000008cd00000| Complete 
| 178|0x000000008ce00000, 0x000000008cf00000, 0x000000008cf00000|100%| E|CS|TAMS 0x000000008ce00000, 0x000000008ce00000| Complete 
| 179|0x000000008cf00000, 0x000000008d000000, 0x000000008d000000|100%| E|CS|TAMS 0x000000008cf00000, 0x000000008cf00000| Complete 
| 180|0x000000008d000000, 0x000000008d100000, 0x000000008d100000|100%| E|CS|TAMS 0x000000008d000000, 0x000000008d000000| Complete 
| 181|0x000000008d100000, 0x000000008d200000, 0x000000008d200000|100%| E|CS|TAMS 0x000000008d100000, 0x000000008d100000| Complete 
| 182|0x000000008d200000, 0x000000008d300000, 0x000000008d300000|100%| E|CS|TAMS 0x000000008d200000, 0x000000008d200000| Complete 
| 183|0x000000008d300000, 0x000000008d400000, 0x000000008d400000|100%| E|CS|TAMS 0x000000008d300000, 0x000000008d300000| Complete 
| 184|0x000000008d400000, 0x000000008d500000, 0x000000008d500000|100%| E|CS|TAMS 0x000000008d400000, 0x000000008d400000| Complete 

Card table byte_map: [0x00000123e5850000,0x00000123e5c50000] _byte_map_base: 0x00000123e5442000

Marking Bits (Prev, Next): (CMBitMap*) 0x00000123cdd67000, (CMBitMap*) 0x00000123cdd66fc8
 Prev Bits: [0x00000123e7fe0000, 0x00000123e9f70000)
 Next Bits: [0x00000123e6050000, 0x00000123e7fe0000)

Polling page: 0x00000123cd4f0000

Metaspace:

Usage:
  Non-class:     58.60 MB capacity,    57.38 MB ( 98%) used,   986.95 KB (  2%) free+waste,   253.81 KB ( <1%) overhead. 
      Class:      9.01 MB capacity,     8.24 MB ( 91%) used,   667.13 KB (  7%) free+waste,   119.56 KB (  1%) overhead. 
       Both:     67.60 MB capacity,    65.62 MB ( 97%) used,     1.62 MB (  2%) free+waste,   373.38 KB ( <1%) overhead. 

Virtual space:
  Non-class space:       60.00 MB reserved,      58.67 MB ( 98%) committed 
      Class space:        1.00 GB reserved,       9.13 MB ( <1%) committed 
             Both:        1.06 GB reserved,      67.80 MB (  6%) committed 

Chunk freelists:
   Non-Class:  14.00 KB
       Class:  0 bytes
        Both:  14.00 KB

MaxMetaspaceSize: 17179869184.00 GB
CompressedClassSpaceSize: 1.00 GB
Initial GC threshold: 20.80 MB
Current GC threshold: 98.41 MB
CDS: off

CodeHeap 'non-profiled nmethods': size=120064Kb used=3988Kb max_used=3988Kb free=116075Kb
 bounds [0x00000123ddf10000, 0x00000123de300000, 0x00000123e5450000]
CodeHeap 'profiled nmethods': size=120000Kb used=12575Kb max_used=12575Kb free=107425Kb
 bounds [0x00000123d69e0000, 0x00000123d7630000, 0x00000123ddf10000]
CodeHeap 'non-nmethods': size=5696Kb used=1375Kb max_used=1439Kb free=4320Kb
 bounds [0x00000123d6450000, 0x00000123d66c0000, 0x00000123d69e0000]
 total_blobs=5968 nmethods=5377 adapters=511
 compilation: enabled
              stopped_count=0, restarted_count=0
 full_count=0

Compilation events (20 events):
Event: 12.487 Thread 0x00000123ecd66000 5435       3       java.time.temporal.ValueRange::isValidValue (24 bytes)
Event: 12.487 Thread 0x00000123ecd66000 nmethod 5435 0x00000123d7627810 code [0x00000123d76279c0, 0x00000123d7627b98]
Event: 12.489 Thread 0x00000123ecd66000 5436       1       com.mysql.cj.result.Field::getCollationIndex (5 bytes)
Event: 12.489 Thread 0x00000123ecd66000 nmethod 5436 0x00000123de2cb810 code [0x00000123de2cb9c0, 0x00000123de2cba78]
Event: 12.489 Thread 0x00000123ecd66000 5437       1       com.mysql.cj.result.Field::getEncoding (5 bytes)
Event: 12.489 Thread 0x00000123ecd66000 nmethod 5437 0x00000123de2cbb10 code [0x00000123de2cbcc0, 0x00000123de2cbd78]
Event: 12.489 Thread 0x00000123ecd66000 5438       1       sun.util.calendar.BaseCalendar$Date::getCachedJan1 (5 bytes)
Event: 12.489 Thread 0x00000123ecd66000 nmethod 5438 0x00000123de2cbe10 code [0x00000123de2cbfc0, 0x00000123de2cc078]
Event: 13.180 Thread 0x00000123ecd68800 nmethod 5409 0x00000123de2cc110 code [0x00000123de2ccb20, 0x00000123de2d6dd8]
Event: 13.181 Thread 0x00000123ecd68800 5423       4       java.lang.StringLatin1::compareToCI (108 bytes)
Event: 13.191 Thread 0x00000123ecd68800 nmethod 5423 0x00000123de2dd010 code [0x00000123de2dd1e0, 0x00000123de2dd738]
Event: 13.191 Thread 0x00000123ecd68800 5425       4       java.lang.String$CaseInsensitiveComparator::compare (13 bytes)
Event: 13.203 Thread 0x00000123ecd68800 nmethod 5425 0x00000123de2ddb90 code [0x00000123de2ddd60, 0x00000123de2de538]
Event: 13.203 Thread 0x00000123ecd68800 5426       4       java.lang.String$CaseInsensitiveComparator::compare (68 bytes)
Event: 13.213 Thread 0x00000123ecd68800 nmethod 5426 0x00000123de2dec90 code [0x00000123de2dee60, 0x00000123de2df538]
Event: 13.213 Thread 0x00000123ecd68800 5428  s    4       java.io.BufferedInputStream::read (49 bytes)
Event: 13.217 Thread 0x00000123ecd68800 nmethod 5428 0x00000123de2dfb90 code [0x00000123de2dfd40, 0x00000123de2e0168]
Event: 13.403 Thread 0x00000123ecd62800 nmethod 5025 0x00000123de2e0290 code [0x00000123de2e0e80, 0x00000123de2edfd8]
Event: 336.890 Thread 0x00000123ecd62800 5440       4       java.lang.Thread::interrupted (8 bytes)
Event: 336.891 Thread 0x00000123ecd62800 nmethod 5440 0x00000123de2f4e90 code [0x00000123de2f5020, 0x00000123de2f50a8]

GC Heap History (20 events):
Event: 3.226 GC heap before
{Heap before GC invocations=3 (full 0):
 garbage-first heap   total 131072K, used 57393K [0x0000000081c00000, 0x0000000100000000)
  region size 1024K, 51 young (52224K), 2 survivors (2048K)
 Metaspace       used 20571K, capacity 21167K, committed 21296K, reserved 1069056K
  class space    used 2138K, capacity 2349K, committed 2432K, reserved 1048576K
}
Event: 3.235 GC heap after
{Heap after GC invocations=4 (full 0):
 garbage-first heap   total 131072K, used 9845K [0x0000000081c00000, 0x0000000100000000)
  region size 1024K, 3 young (3072K), 3 survivors (3072K)
 Metaspace       used 20571K, capacity 21167K, committed 21296K, reserved 1069056K
  class space    used 2138K, capacity 2349K, committed 2432K, reserved 1048576K
}
Event: 4.075 GC heap before
{Heap before GC invocations=5 (full 0):
 garbage-first heap   total 131072K, used 84597K [0x0000000081c00000, 0x0000000100000000)
  region size 1024K, 76 young (77824K), 3 survivors (3072K)
 Metaspace       used 27887K, capacity 28809K, committed 28976K, reserved 1075200K
  class space    used 3056K, capacity 3390K, committed 3456K, reserved 1048576K
}
Event: 4.082 GC heap after
{Heap after GC invocations=6 (full 0):
 garbage-first heap   total 131072K, used 11655K [0x0000000081c00000, 0x0000000100000000)
  region size 1024K, 5 young (5120K), 5 survivors (5120K)
 Metaspace       used 27887K, capacity 28809K, committed 28976K, reserved 1075200K
  class space    used 3056K, capacity 3390K, committed 3456K, reserved 1048576K
}
Event: 4.895 GC heap before
{Heap before GC invocations=6 (full 0):
 garbage-first heap   total 131072K, used 83335K [0x0000000081c00000, 0x0000000100000000)
  region size 1024K, 76 young (77824K), 5 survivors (5120K)
 Metaspace       used 32340K, capacity 33376K, committed 33456K, reserved 1079296K
  class space    used 3609K, capacity 4018K, committed 4096K, reserved 1048576K
}
Event: 4.904 GC heap after
{Heap after GC invocations=7 (full 0):
 garbage-first heap   total 131072K, used 13275K [0x0000000081c00000, 0x0000000100000000)
  region size 1024K, 6 young (6144K), 6 survivors (6144K)
 Metaspace       used 32340K, capacity 33376K, committed 33456K, reserved 1079296K
  class space    used 3609K, capacity 4018K, committed 4096K, reserved 1048576K
}
Event: 5.417 GC heap before
{Heap before GC invocations=7 (full 0):
 garbage-first heap   total 131072K, used 47067K [0x0000000081c00000, 0x0000000100000000)
  region size 1024K, 40 young (40960K), 6 survivors (6144K)
 Metaspace       used 34624K, capacity 35735K, committed 35888K, reserved 1081344K
  class space    used 3928K, capacity 4374K, committed 4480K, reserved 1048576K
}
Event: 5.429 GC heap after
{Heap after GC invocations=8 (full 0):
 garbage-first heap   total 131072K, used 14199K [0x0000000081c00000, 0x0000000100000000)
  region size 1024K, 6 young (6144K), 6 survivors (6144K)
 Metaspace       used 34624K, capacity 35735K, committed 35888K, reserved 1081344K
  class space    used 3928K, capacity 4374K, committed 4480K, reserved 1048576K
}
Event: 6.507 GC heap before
{Heap before GC invocations=9 (full 0):
 garbage-first heap   total 131072K, used 82807K [0x0000000081c00000, 0x0000000100000000)
  region size 1024K, 73 young (74752K), 6 survivors (6144K)
 Metaspace       used 39970K, capacity 41213K, committed 41392K, reserved 1085440K
  class space    used 4599K, capacity 5107K, committed 5120K, reserved 1048576K
}
Event: 6.517 GC heap after
{Heap after GC invocations=10 (full 0):
 garbage-first heap   total 131072K, used 17064K [0x0000000081c00000, 0x0000000100000000)
  region size 1024K, 8 young (8192K), 8 survivors (8192K)
 Metaspace       used 39970K, capacity 41213K, committed 41392K, reserved 1085440K
  class space    used 4599K, capacity 5107K, committed 5120K, reserved 1048576K
}
Event: 7.337 GC heap before
{Heap before GC invocations=10 (full 0):
 garbage-first heap   total 131072K, used 85672K [0x0000000081c00000, 0x0000000100000000)
  region size 1024K, 75 young (76800K), 8 survivors (8192K)
 Metaspace       used 45201K, capacity 46609K, committed 46768K, reserved 1089536K
  class space    used 5302K, capacity 5865K, committed 5888K, reserved 1048576K
}
Event: 7.352 GC heap after
{Heap after GC invocations=11 (full 0):
 garbage-first heap   total 157696K, used 19911K [0x0000000081c00000, 0x0000000100000000)
  region size 1024K, 7 young (7168K), 7 survivors (7168K)
 Metaspace       used 45201K, capacity 46609K, committed 46768K, reserved 1089536K
  class space    used 5302K, capacity 5865K, committed 5888K, reserved 1048576K
}
Event: 8.459 GC heap before
{Heap before GC invocations=11 (full 0):
 garbage-first heap   total 157696K, used 101831K [0x0000000081c00000, 0x0000000100000000)
  region size 1024K, 87 young (89088K), 7 survivors (7168K)
 Metaspace       used 52384K, capacity 53827K, committed 54064K, reserved 1095680K
  class space    used 6401K, capacity 6970K, committed 7040K, reserved 1048576K
}
Event: 8.471 GC heap after
{Heap after GC invocations=12 (full 0):
 garbage-first heap   total 157696K, used 21030K [0x0000000081c00000, 0x0000000100000000)
  region size 1024K, 7 young (7168K), 7 survivors (7168K)
 Metaspace       used 52384K, capacity 53827K, committed 54064K, reserved 1095680K
  class space    used 6401K, capacity 6970K, committed 7040K, reserved 1048576K
}
Event: 9.484 GC heap before
{Heap before GC invocations=12 (full 0):
 garbage-first heap   total 157696K, used 106022K [0x0000000081c00000, 0x0000000100000000)
  region size 1024K, 91 young (93184K), 7 survivors (7168K)
 Metaspace       used 58389K, capacity 60053K, committed 60208K, reserved 1101824K
  class space    used 7296K, capacity 7950K, committed 8064K, reserved 1048576K
}
Event: 9.499 GC heap after
{Heap after GC invocations=13 (full 0):
 garbage-first heap   total 157696K, used 23184K [0x0000000081c00000, 0x0000000100000000)
  region size 1024K, 7 young (7168K), 7 survivors (7168K)
 Metaspace       used 58389K, capacity 60053K, committed 60208K, reserved 1101824K
  class space    used 7296K, capacity 7950K, committed 8064K, reserved 1048576K
}
Event: 10.752 GC heap before
{Heap before GC invocations=14 (full 0):
 garbage-first heap   total 157696K, used 110224K [0x0000000081c00000, 0x0000000100000000)
  region size 1024K, 92 young (94208K), 7 survivors (7168K)
 Metaspace       used 62608K, capacity 64503K, committed 64560K, reserved 1105920K
  class space    used 7839K, capacity 8570K, committed 8576K, reserved 1048576K
}
Event: 10.763 GC heap after
{Heap after GC invocations=15 (full 0):
 garbage-first heap   total 157696K, used 26967K [0x0000000081c00000, 0x0000000100000000)
  region size 1024K, 10 young (10240K), 10 survivors (10240K)
 Metaspace       used 62608K, capacity 64503K, committed 64560K, reserved 1105920K
  class space    used 7839K, capacity 8570K, committed 8576K, reserved 1048576K
}
Event: 12.105 GC heap before
{Heap before GC invocations=15 (full 0):
 garbage-first heap   total 157696K, used 110935K [0x0000000081c00000, 0x0000000100000000)
  region size 1024K, 92 young (94208K), 10 survivors (10240K)
 Metaspace       used 66079K, capacity 68054K, committed 68144K, reserved 1107968K
  class space    used 8320K, capacity 9088K, committed 9088K, reserved 1048576K
}
Event: 12.122 GC heap after
{Heap after GC invocations=16 (full 0):
 garbage-first heap   total 189440K, used 28433K [0x0000000081c00000, 0x0000000100000000)
  region size 1024K, 6 young (6144K), 6 survivors (6144K)
 Metaspace       used 66079K, capacity 68054K, committed 68144K, reserved 1107968K
  class space    used 8320K, capacity 9088K, committed 9088K, reserved 1048576K
}

Deoptimization events (20 events):
Event: 12.283 Thread 0x00000123cdd24000 DEOPT PACKING pc=0x00000123de1c1a30 sp=0x00000007236f93b0
Event: 12.283 Thread 0x00000123cdd24000 DEOPT UNPACKING pc=0x00000123d649a1af sp=0x00000007236f9278 mode 2
Event: 12.283 Thread 0x00000123cdd24000 DEOPT PACKING pc=0x00000123de18cff4 sp=0x00000007236f9e50
Event: 12.283 Thread 0x00000123cdd24000 DEOPT UNPACKING pc=0x00000123d649a95e sp=0x00000007236f92c8 mode 1
Event: 12.283 Thread 0x00000123cdd24000 DEOPT PACKING pc=0x00000123d75142cc sp=0x00000007236f9e90
Event: 12.283 Thread 0x00000123cdd24000 DEOPT UNPACKING pc=0x00000123d649a95e sp=0x00000007236f9420 mode 1
Event: 12.286 Thread 0x00000123cdd24000 Uncommon trap: trap_request=0xffffff9f fr.pc=0x00000123de1c1a30 relative=0x0000000000000150
Event: 12.286 Thread 0x00000123cdd24000 Uncommon trap: reason=unhandled action=none pc=0x00000123de1c1a30 method=jdk.internal.loader.BuiltinClassLoader.loadClass(Ljava/lang/String;Z)Ljava/lang/Class; @ 19 c2
Event: 12.286 Thread 0x00000123cdd24000 DEOPT PACKING pc=0x00000123de1c1a30 sp=0x00000007236f9380
Event: 12.286 Thread 0x00000123cdd24000 DEOPT UNPACKING pc=0x00000123d649a1af sp=0x00000007236f9248 mode 2
Event: 12.286 Thread 0x00000123cdd24000 DEOPT PACKING pc=0x00000123de18cff4 sp=0x00000007236f9e20
Event: 12.286 Thread 0x00000123cdd24000 DEOPT UNPACKING pc=0x00000123d649a95e sp=0x00000007236f9298 mode 1
Event: 12.286 Thread 0x00000123cdd24000 DEOPT PACKING pc=0x00000123d74f14ec sp=0x00000007236f9e60
Event: 12.286 Thread 0x00000123cdd24000 DEOPT UNPACKING pc=0x00000123d649a95e sp=0x00000007236f93b0 mode 1
Event: 12.286 Thread 0x00000123cdd24000 DEOPT PACKING pc=0x00000123d6f2d08c sp=0x00000007236f9e70
Event: 12.286 Thread 0x00000123cdd24000 DEOPT UNPACKING pc=0x00000123d649a95e sp=0x00000007236f9340 mode 1
Event: 12.388 Thread 0x00000123cdd24000 DEOPT PACKING pc=0x00000123d7133cf4 sp=0x00000007236fba50
Event: 12.388 Thread 0x00000123cdd24000 DEOPT UNPACKING pc=0x00000123d649a95e sp=0x00000007236faf70 mode 1
Event: 12.388 Thread 0x00000123cdd24000 DEOPT PACKING pc=0x00000123d7281e8c sp=0x00000007236fbb30
Event: 12.388 Thread 0x00000123cdd24000 DEOPT UNPACKING pc=0x00000123d649a95e sp=0x00000007236fb000 mode 1

Classes redefined (5 events):
Event: 241.435 Thread 0x00000123ec448800 redefined class name=com.example.project_subject_system.CourseSelectionTests, count=1
Event: 273.962 Thread 0x00000123ec448800 redefined class name=com.example.project_subject_system.CourseSelectionTests, count=2
Event: 314.202 Thread 0x00000123ec448800 redefined class name=com.example.projct_course_selection_system.service.impl.CourseSelectionImpl, count=1
Event: 353.062 Thread 0x00000123ec448800 redefined class name=com.example.project_subject_system.CourseSelectionTests, count=3
Event: 379.647 Thread 0x00000123ec448800 redefined class name=com.example.projct_course_selection_system.service.impl.CourseSelectionImpl, count=2

Internal exceptions (20 events):
Event: 11.592 Thread 0x00000123cdd24000 Exception <a 'java/lang/ClassNotFoundException'{0x0000000087fede60}: org/springframework/beans/factory/InitializingBeanCustomizer> (0x0000000087fede60) thrown at [./src/hotspot/share/classfile/systemDictionary.cpp, line 230]
Event: 11.593 Thread 0x00000123cdd24000 Exception <a 'java/lang/ClassNotFoundException'{0x0000000087e049d8}: org/springframework/beans/factory/DisposableBeanCustomizer> (0x0000000087e049d8) thrown at [./src/hotspot/share/classfile/systemDictionary.cpp, line 230]
Event: 11.598 Thread 0x00000123cdd24000 Exception <a 'java/lang/ClassNotFoundException'{0x0000000087e32e60}: java/lang/ObjectCustomizer> (0x0000000087e32e60) thrown at [./src/hotspot/share/classfile/systemDictionary.cpp, line 230]
Event: 11.599 Thread 0x00000123cdd24000 Exception <a 'java/lang/ClassNotFoundException'{0x0000000087e50378}: org/springframework/web/multipart/support/StandardServletMultipartResolverCustomizer> (0x0000000087e50378) thrown at [./src/hotspot/share/classfile/systemDictionary.cpp, line 230]
Event: 11.600 Thread 0x00000123cdd24000 Exception <a 'java/lang/ClassNotFoundException'{0x0000000087e6c008}: org/springframework/web/multipart/MultipartResolverCustomizer> (0x0000000087e6c008) thrown at [./src/hotspot/share/classfile/systemDictionary.cpp, line 230]
Event: 11.613 Thread 0x00000123cdd24000 Exception <a 'java/lang/NoSuchMethodError'{0x0000000087ed7290}: 'java.lang.Object java.lang.invoke.DirectMethodHandle$Holder.invokeSpecial(java.lang.Object, java.lang.Object, int, java.lang.Object, int, java.lang.Object)'> (0x0000000087ed7290) thrown at [./src/hotspot/share/interpreter/linkResolver.cpp, line 773]
Event: 11.614 Thread 0x00000123cdd24000 Exception <a 'java/lang/NoSuchMethodError'{0x0000000087edecc8}: 'java.lang.Object java.lang.invoke.DirectMethodHandle$Holder.invokeStatic(java.lang.Object, java.lang.Object, int, java.lang.Object, int)'> (0x0000000087edecc8) thrown at [./src/hotspot/share/interpreter/linkResolver.cpp, line 773]
Event: 11.614 Thread 0x00000123cdd24000 Exception <a 'java/lang/NoSuchMethodError'{0x0000000087ee29f8}: 'java.lang.Object java.lang.invoke.DirectMethodHandle$Holder.invokeSpecial(java.lang.Object, java.lang.Object, java.lang.Object, int, java.lang.Object, int)'> (0x0000000087ee29f8) thrown at [./src/hotspot/share/interpreter/linkResolver.cpp, line 773]
Event: 11.616 Thread 0x00000123cdd24000 Exception <a 'java/lang/NoSuchMethodError'{0x0000000087ef1f88}: 'void java.lang.invoke.DirectMethodHandle$Holder.invokeVirtual(java.lang.Object, java.lang.Object)'> (0x0000000087ef1f88) thrown at [./src/hotspot/share/interpreter/linkResolver.cpp, line 773]
Event: 11.656 Thread 0x00000123cdd24000 Exception <a 'java/lang/ClassNotFoundException'{0x0000000087b943b8}: java/lang/ObjectCustomizer> (0x0000000087b943b8) thrown at [./src/hotspot/share/classfile/systemDictionary.cpp, line 230]
Event: 11.657 Thread 0x00000123cdd24000 Exception <a 'java/lang/ClassNotFoundException'{0x0000000087badba8}: com/example/project_subject_system/CourseSelectionTestsCustomizer> (0x0000000087badba8) thrown at [./src/hotspot/share/classfile/systemDictionary.cpp, line 230]
Event: 11.686 Thread 0x00000123cdd24000 Exception <a 'java/lang/NoSuchMethodError'{0x0000000087aeb0f0}: 'java.lang.Object java.lang.invoke.DirectMethodHandle$Holder.invokeSpecial(java.lang.Object, java.lang.Object, java.lang.Object, java.lang.Object, java.lang.Object, int)'> (0x0000000087aeb0f0) thrown at [./src/hotspot/share/interpreter/linkResolver.cpp, line 773]
Event: 11.687 Thread 0x00000123cdd24000 Exception <a 'java/lang/NoSuchMethodError'{0x0000000087aee7e8}: 'java.lang.Object java.lang.invoke.Invokers$Holder.linkToTargetMethod(java.lang.Object, java.lang.Object, java.lang.Object, int, java.lang.Object)'> (0x0000000087aee7e8) thrown at [./src/hotspot/share/interpreter/linkResolver.cpp, line 773]
Event: 11.862 Thread 0x00000123cdd24000 Exception <a 'java/lang/ClassNotFoundException'{0x00000000870212e0}: java/lang/ClassLoader$ByteBuddyAccessor$V1> (0x00000000870212e0) thrown at [./src/hotspot/share/classfile/systemDictionary.cpp, line 230]
Event: 11.941 Thread 0x00000123cdd24000 Exception <a 'java/lang/IncompatibleClassChangeError'{0x0000000086b32898}: Found class java.lang.Object, but interface was expected> (0x0000000086b32898) thrown at [./src/hotspot/share/interpreter/linkResolver.cpp, line 839]
Event: 11.985 Thread 0x00000123cdd24000 Exception <a 'java/lang/ClassNotFoundException'{0x0000000086afbb30}: java/lang/ObjectCustomizer> (0x0000000086afbb30) thrown at [./src/hotspot/share/classfile/systemDictionary.cpp, line 230]
Event: 11.987 Thread 0x00000123cdd24000 Exception <a 'java/lang/ClassNotFoundException'{0x0000000086916e70}: com/example/projct_course_selection_system/entity/StudentCustomizer> (0x0000000086916e70) thrown at [./src/hotspot/share/classfile/systemDictionary.cpp, line 230]
Event: 12.192 Thread 0x00000123cdd24000 Implicit null exception at 0x00000123de0b7aef to 0x00000123de0b7c5c
Event: 12.282 Thread 0x00000123cdd24000 Exception <a 'java/lang/ClassNotFoundException'{0x000000008cf7d498}: java/lang/ObjectCustomizer> (0x000000008cf7d498) thrown at [./src/hotspot/share/classfile/systemDictionary.cpp, line 230]
Event: 12.286 Thread 0x00000123cdd24000 Exception <a 'java/lang/ClassNotFoundException'{0x000000008cf97f58}: com/example/projct_course_selection_system/entity/CourseCustomizer> (0x000000008cf97f58) thrown at [./src/hotspot/share/classfile/systemDictionary.cpp, line 230]

Events (20 events):
Event: 353.111 Executing VM operation: GetFrameCount done
Event: 353.111 Executing VM operation: GetOwnedMonitorInfo
Event: 353.111 Executing VM operation: GetOwnedMonitorInfo done
Event: 353.111 Executing VM operation: GetCurrentContendedMonitor
Event: 353.111 Executing VM operation: GetCurrentContendedMonitor done
Event: 379.610 Executing VM operation: RedefineClasses
Event: 379.653 Executing VM operation: RedefineClasses done
Event: 379.654 Executing VM operation: GetFrameCount
Event: 379.654 Executing VM operation: GetFrameCount done
Event: 379.654 Executing VM operation: GetStackTrace
Event: 379.654 Executing VM operation: GetStackTrace done
Event: 379.666 Executing VM operation: GetFrameCount
Event: 379.667 Executing VM operation: GetFrameCount done
Event: 379.667 Executing VM operation: GetOwnedMonitorInfo
Event: 379.667 Executing VM operation: GetOwnedMonitorInfo done
Event: 379.667 Executing VM operation: GetCurrentContendedMonitor
Event: 379.667 Executing VM operation: GetCurrentContendedMonitor done
Event: 402.305 Executing VM operation: GetFrameLocation
Event: 402.305 Executing VM operation: GetFrameLocation done
Event: 402.305 Executing VM operation: GetOrSetLocal


Dynamic libraries:
0x00007ff71b380000 - 0x00007ff71b38d000 	C:\Program Files\Eclipse Adoptium\jdk-11.0.14.101-hotspot\bin\javaw.exe
0x00007ff864870000 - 0x00007ff864a68000 	C:\WINDOWS\SYSTEM32\ntdll.dll
0x00007ff863600000 - 0x00007ff8636bf000 	C:\WINDOWS\System32\KERNEL32.DLL
0x00007ff861f50000 - 0x00007ff862246000 	C:\WINDOWS\System32\KERNELBASE.dll
0x00007ff8622c0000 - 0x00007ff8623c0000 	C:\WINDOWS\System32\ucrtbase.dll
0x00007ff85bc30000 - 0x00007ff85bc47000 	C:\Program Files\Eclipse Adoptium\jdk-11.0.14.101-hotspot\bin\jli.dll
0x00007ff863830000 - 0x00007ff8639cd000 	C:\WINDOWS\System32\USER32.dll
0x00007ff8623f0000 - 0x00007ff862412000 	C:\WINDOWS\System32\win32u.dll
0x00007ff863800000 - 0x00007ff86382c000 	C:\WINDOWS\System32\GDI32.dll
0x00007ff8627b0000 - 0x00007ff8628c5000 	C:\WINDOWS\System32\gdi32full.dll
0x00007ff862710000 - 0x00007ff8627ad000 	C:\WINDOWS\System32\msvcp_win.dll
0x00007ff85bc00000 - 0x00007ff85bc15000 	C:\Program Files\Eclipse Adoptium\jdk-11.0.14.101-hotspot\bin\VCRUNTIME140.dll
0x00007ff84d310000 - 0x00007ff84d5aa000 	C:\WINDOWS\WinSxS\amd64_microsoft.windows.common-controls_6595b64144ccf1df_6.0.19041.1110_none_60b5254171f9507e\COMCTL32.dll
0x00007ff8636c0000 - 0x00007ff86375e000 	C:\WINDOWS\System32\msvcrt.dll
0x00007ff863760000 - 0x00007ff863790000 	C:\WINDOWS\System32\IMM32.DLL
0x00007ff848d60000 - 0x00007ff848dfb000 	C:\Program Files\Eclipse Adoptium\jdk-11.0.14.101-hotspot\bin\msvcp140.dll
0x00007ff825290000 - 0x00007ff825e11000 	C:\Program Files\Eclipse Adoptium\jdk-11.0.14.101-hotspot\bin\server\jvm.dll
0x00007ff863200000 - 0x00007ff8632af000 	C:\WINDOWS\System32\ADVAPI32.dll
0x00007ff863db0000 - 0x00007ff863e4c000 	C:\WINDOWS\System32\sechost.dll
0x00007ff8628d0000 - 0x00007ff8629f6000 	C:\WINDOWS\System32\RPCRT4.dll
0x00007ff862ba0000 - 0x00007ff862ba8000 	C:\WINDOWS\System32\PSAPI.DLL
0x00007ff84cbb0000 - 0x00007ff84cbb9000 	C:\WINDOWS\SYSTEM32\WSOCK32.dll
0x00007ff84d760000 - 0x00007ff84d787000 	C:\WINDOWS\SYSTEM32\WINMM.dll
0x00007ff863790000 - 0x00007ff8637fb000 	C:\WINDOWS\System32\WS2_32.dll
0x00007ff8587f0000 - 0x00007ff8587fa000 	C:\WINDOWS\SYSTEM32\VERSION.dll
0x00007ff8607f0000 - 0x00007ff860802000 	C:\WINDOWS\SYSTEM32\kernel.appcore.dll
0x00007ff85d7c0000 - 0x00007ff85d7d0000 	C:\Program Files\Eclipse Adoptium\jdk-11.0.14.101-hotspot\bin\verify.dll
0x00007ff8604b0000 - 0x00007ff860694000 	C:\WINDOWS\SYSTEM32\DBGHELP.DLL
0x00007ff84beb0000 - 0x00007ff84bee4000 	C:\WINDOWS\SYSTEM32\dbgcore.DLL
0x00007ff862680000 - 0x00007ff862702000 	C:\WINDOWS\System32\bcryptPrimitives.dll
0x00007ff85bbd0000 - 0x00007ff85bbf8000 	C:\Program Files\Eclipse Adoptium\jdk-11.0.14.101-hotspot\bin\java.dll
0x00007ff85d1e0000 - 0x00007ff85d1ea000 	C:\Program Files\Eclipse Adoptium\jdk-11.0.14.101-hotspot\bin\jimage.dll
0x00007ff85bb40000 - 0x00007ff85bb78000 	C:\Program Files\Eclipse Adoptium\jdk-11.0.14.101-hotspot\bin\jdwp.dll
0x00007ff85c080000 - 0x00007ff85c08e000 	C:\Program Files\Eclipse Adoptium\jdk-11.0.14.101-hotspot\bin\instrument.dll
0x00007ff85ba80000 - 0x00007ff85ba98000 	C:\Program Files\Eclipse Adoptium\jdk-11.0.14.101-hotspot\bin\zip.dll
0x00007ff863e50000 - 0x00007ff864594000 	C:\WINDOWS\System32\SHELL32.dll
0x00007ff85fd00000 - 0x00007ff860493000 	C:\WINDOWS\SYSTEM32\windows.storage.dll
0x00007ff863a50000 - 0x00007ff863da4000 	C:\WINDOWS\System32\combase.dll
0x00007ff8619b0000 - 0x00007ff8619de000 	C:\WINDOWS\SYSTEM32\Wldp.dll
0x00007ff862af0000 - 0x00007ff862b9d000 	C:\WINDOWS\System32\SHCORE.dll
0x00007ff8632c0000 - 0x00007ff863315000 	C:\WINDOWS\System32\shlwapi.dll
0x00007ff861e90000 - 0x00007ff861eaf000 	C:\WINDOWS\SYSTEM32\profapi.dll
0x00007ff85bbc0000 - 0x00007ff85bbca000 	C:\Program Files\Eclipse Adoptium\jdk-11.0.14.101-hotspot\bin\dt_socket.dll
0x00007ff861710000 - 0x00007ff86177a000 	C:\WINDOWS\System32\mswsock.dll
0x00007ff861400000 - 0x00007ff8614cb000 	C:\WINDOWS\SYSTEM32\DNSAPI.dll
0x00007ff8613b0000 - 0x00007ff8613ec000 	C:\WINDOWS\SYSTEM32\IPHLPAPI.DLL
0x00007ff8632b0000 - 0x00007ff8632b8000 	C:\WINDOWS\System32\NSI.dll
0x00007ff850e10000 - 0x00007ff850e92000 	C:\WINDOWS\System32\fwpuclnt.dll
0x00007ff8623c0000 - 0x00007ff8623e7000 	C:\WINDOWS\System32\bcrypt.dll
0x00007ff858980000 - 0x00007ff85898a000 	C:\Windows\System32\rasadhlp.dll
0x00007ff85ba60000 - 0x00007ff85ba79000 	C:\Program Files\Eclipse Adoptium\jdk-11.0.14.101-hotspot\bin\net.dll
0x00007ff855580000 - 0x00007ff85568a000 	C:\WINDOWS\SYSTEM32\WINHTTP.dll
0x00007ff85ba40000 - 0x00007ff85ba53000 	C:\Program Files\Eclipse Adoptium\jdk-11.0.14.101-hotspot\bin\nio.dll
0x00007ff85ba30000 - 0x00007ff85ba39000 	C:\Program Files\Eclipse Adoptium\jdk-11.0.14.101-hotspot\bin\management.dll
0x00007ff85ba00000 - 0x00007ff85ba0b000 	C:\Program Files\Eclipse Adoptium\jdk-11.0.14.101-hotspot\bin\management_ext.dll
0x00007ff849140000 - 0x00007ff849157000 	C:\WINDOWS\system32\napinsp.dll
0x00007ff849190000 - 0x00007ff8491ab000 	C:\WINDOWS\system32\pnrpnsp.dll
0x00007ff85cbf0000 - 0x00007ff85cc05000 	C:\WINDOWS\system32\wshbth.dll
0x00007ff85d1c0000 - 0x00007ff85d1dd000 	C:\WINDOWS\system32\NLAapi.dll
0x00007ff849170000 - 0x00007ff849182000 	C:\WINDOWS\System32\winrnr.dll
0x00007ff861910000 - 0x00007ff861928000 	C:\WINDOWS\SYSTEM32\CRYPTSP.dll
0x00007ff860fc0000 - 0x00007ff860ff4000 	C:\WINDOWS\system32\rsaenh.dll
0x00007ff861e50000 - 0x00007ff861e7e000 	C:\WINDOWS\SYSTEM32\USERENV.dll
0x00007ff861900000 - 0x00007ff86190c000 	C:\WINDOWS\SYSTEM32\CRYPTBASE.dll
0x00007ff855a50000 - 0x00007ff855a67000 	C:\WINDOWS\SYSTEM32\dhcpcsvc6.DLL
0x00007ff857c20000 - 0x00007ff857c3d000 	C:\WINDOWS\SYSTEM32\dhcpcsvc.DLL

dbghelp: loaded successfully - version: 4.0.5 - missing functions: none
symbol engine: initialized successfully - sym options: 0x614 - pdb path: .;C:\Program Files\Eclipse Adoptium\jdk-11.0.14.101-hotspot\bin;C:\WINDOWS\SYSTEM32;C:\WINDOWS\WinSxS\amd64_microsoft.windows.common-controls_6595b64144ccf1df_6.0.19041.1110_none_60b5254171f9507e;C:\Program Files\Eclipse Adoptium\jdk-11.0.14.101-hotspot\bin\server

VM Arguments:
jvm_args: -agentlib:jdwp=transport=dt_socket,suspend=y,address=localhost:65197 -ea -javaagent:C:\Users\taiwa\Downloads\eclipse\configuration\org.eclipse.osgi\422\0\.cp\lib\javaagent-shaded.jar -Dfile.encoding=UTF-8 
java_command: org.eclipse.jdt.internal.junit.runner.RemoteTestRunner -version 3 -port 65196 -testLoaderClass org.eclipse.jdt.internal.junit5.runner.JUnit5TestLoader -loaderpluginname org.eclipse.jdt.junit5.runtime -test com.example.project_subject_system.CourseSelectionTests:findStudentCourseListTest
java_class_path (initial): D:\Java\project_course_selection_system\bin\main;D:\Java\project_course_selection_system\bin\test;\project_course_selection_system\bin\default;C:\Users\taiwa\.gradle\caches\modules-2\files-2.1\org.springframework.boot\spring-boot-starter-web\2.7.11\c23ca827c1d5cf45d70f4b5204a9b889ec5d3b24\spring-boot-starter-web-2.7.11.jar;C:\Users\taiwa\.gradle\caches\modules-2\files-2.1\org.springframework.boot\spring-boot-starter-json\2.7.11\9f47d076fd9d1b2acec8d189e6413d3c5d270d30\spring-boot-starter-json-2.7.11.jar;C:\Users\taiwa\.gradle\caches\modules-2\files-2.1\org.springframework.boot\spring-boot-starter-data-jpa\2.7.11\43268b1cdb2711aef4563bc3ac1d2f8936527cd9\spring-boot-starter-data-jpa-2.7.11.jar;C:\Users\taiwa\.gradle\caches\modules-2\files-2.1\org.springframework.boot\spring-boot-starter-aop\2.7.11\9b153237690b028c57f443aad49144e62dd2a8b5\spring-boot-starter-aop-2.7.11.jar;C:\Users\taiwa\.gradle\caches\modules-2\files-2.1\org.springframework.boot\spring-boot-starter-jdbc\2.7.11\b502fe4cbdf3ec3b97d8cfd093becac0225eba48\spring-boot-starter-jdbc-2.7.11.jar;C:\Users\taiwa\.gradle\caches\modules-2\files-2.1\org.springframework.boot\spring-boot-starter\2.7.11\3b655d0b1817b5f92301d9da5eb9f8f8f37ded6a\spring-boot-starter-2.7.11.jar;C:\Users\taiwa\.gradle\caches\modules-2\files-2.1\org.springframework.boot\spring-boot-autoconfigure\2.7.11\d7b1b3a4c494e240ad0a53b2d6661982d7c9ddac\spring-boot-autoconfigure-2.7.11.jar;C:\Users\taiwa\.gradle\caches\modules-2\files-2.1\org.springframework.boot\spring-boot\2.7.11\f99d0b98ecd8de1400dc47d00194202e9be5a16e\spring-boot-2.7.11.jar;C:\Users\taiwa\.gradle\caches\modules-2\files-2.1\org.springframework.boot\spring-boot-starter-logging\2.7.11\b0d3e13291ecd5014d3c5f8818f50620f7b1f1fd\spring-boot-starter-logging-2.7.11.jar;C:\Users\taiwa\.gradle\caches\modules-2\files-2.1\org.springframework.boot\spring-boot-starter-tomcat\2.7.11\d9d6f0e0aacd095bcae08bfbb72404ec114238e2\spring-boot-starter-tomcat-2.7.11.jar;C:\Users
Launcher Type: SUN_STANDARD

[Global flags]
     intx CICompilerCount                          = 3                                         {product} {ergonomic}
     uint ConcGCThreads                            = 1                                         {product} {ergonomic}
     uint G1ConcRefinementThreads                  = 4                                         {product} {ergonomic}
   size_t G1HeapRegionSize                         = 1048576                                   {product} {ergonomic}
    uintx GCDrainStackTargetSize                   = 64                                        {product} {ergonomic}
   size_t InitialHeapSize                          = 134217728                                 {product} {ergonomic}
   size_t MarkStackSize                            = 4194304                                   {product} {ergonomic}
   size_t MaxHeapSize                              = 2118123520                                {product} {ergonomic}
   size_t MaxNewSize                               = 1270874112                                {product} {ergonomic}
   size_t MinHeapDeltaBytes                        = 1048576                                   {product} {ergonomic}
    uintx NonNMethodCodeHeapSize                   = 5830732                                {pd product} {ergonomic}
    uintx NonProfiledCodeHeapSize                  = 122913754                              {pd product} {ergonomic}
    uintx ProfiledCodeHeapSize                     = 122913754                              {pd product} {ergonomic}
    uintx ReservedCodeCacheSize                    = 251658240                              {pd product} {ergonomic}
     bool SegmentedCodeCache                       = true                                      {product} {ergonomic}
     bool UseCompressedClassPointers               = true                                 {lp64_product} {ergonomic}
     bool UseCompressedOops                        = true                                 {lp64_product} {ergonomic}
     bool UseG1GC                                  = true                                      {product} {ergonomic}
     bool UseLargePagesIndividualAllocation        = false                                  {pd product} {ergonomic}

Logging:
Log output configuration:
 #0: stdout all=warning uptime,level,tags
 #1: stderr all=off uptime,level,tags

Environment Variables:
PATH=C:/Users/taiwa/Downloads/eclipse//plugins/org.eclipse.justj.openjdk.hotspot.jre.full.win32.x86_64_17.0.2.v20220201-1208/jre/bin/server;C:/Users/taiwa/Downloads/eclipse//plugins/org.eclipse.justj.openjdk.hotspot.jre.full.win32.x86_64_17.0.2.v20220201-1208/jre/bin;C:\Program Files\Eclipse Adoptium\jdk-11.0.14.101-hotspot\bin;C:\Program Files (x86)\Intel\iCLS Client\;C:\Program Files\Intel\iCLS Client\;C:\Windows\system32;C:\Windows;C:\Windows\System32\Wbem;C:\Windows\System32\WindowsPowerShell\v1.0\;C:\Program Files (x86)\NVIDIA Corporation\PhysX\Common;C:\Program Files (x86)\Intel\Intel(R) Management Engine Components\DAL;C:\Program Files\Intel\Intel(R) Management Engine Components\DAL;C:\Program Files (x86)\Intel\Intel(R) Management Engine Components\IPT;C:\Program Files\Intel\Intel(R) Management Engine Components\IPT;C:\WINDOWS\system32;C:\WINDOWS;C:\WINDOWS\System32\Wbem;C:\WINDOWS\System32\WindowsPowerShell\v1.0\;C:\WINDOWS\System32\OpenSSH\;C:\Program Files\Intel\WiFi\bin\;C:\Program Files\Common Files\Intel\WirelessCommon\;C:\Program Files\Eclipse Adoptium\jdk-11.0.14.101-hotspot\bin;C:\Program Files\MySQL\MySQL Shell 8.0\bin\;C:\Users\taiwa\AppData\Local\Microsoft\WindowsApps;;C:\Users\taiwa\Downloads\eclipse;
USERNAME=taiwa
OS=Windows_NT
PROCESSOR_IDENTIFIER=Intel64 Family 6 Model 142 Stepping 9, GenuineIntel



---------------  S Y S T E M  ---------------

OS: Windows 10 , 64 bit Build 19041 (10.0.19041.2913)
OS uptime: 3 days 0:06 hours

CPU:total 4 (initial active 4) (2 cores per cpu, 2 threads per core) family 6 model 142 stepping 9 microcode 0xb4, cmov, cx8, fxsr, mmx, sse, sse2, sse3, ssse3, sse4.1, sse4.2, popcnt, avx, avx2, aes, clmul, erms, 3dnowpref, lzcnt, ht, tsc, tscinvbit, bmi1, bmi2, adx, fma

Memory: 4k page, system-wide physical 8074M (1453M free)
TotalPageFile size 12682M (AvailPageFile size 3247M)
current process WorkingSet (physical memory assigned to process): 291M, peak: 394M
current process commit charge ("private bytes"): 373M, peak: 472M

vm_info: OpenJDK 64-Bit Server VM (11.0.14.1+1) for windows-amd64 JRE (11.0.14.1+1), built on Feb  9 2022 01:48:27 by "" with unknown MS VC++:1916

END.
